running develop
running egg_info
writing erp42_description.egg-info/PKG-INFO
writing dependency_links to erp42_description.egg-info/dependency_links.txt
writing entry points to erp42_description.egg-info/entry_points.txt
writing requirements to erp42_description.egg-info/requires.txt
writing top-level names to erp42_description.egg-info/top_level.txt
reading manifest file 'erp42_description.egg-info/SOURCES.txt'
writing manifest file 'erp42_description.egg-info/SOURCES.txt'
running build_ext
Creating /home/sumin/erp42_ws/install/erp42_description/lib/python3.8/site-packages/erp42-description.egg-link (link to .)
Installing front_camera_viewer script to /home/sumin/erp42_ws/install/erp42_description/lib/erp42_description
Installing steering_drive_bridge script to /home/sumin/erp42_ws/install/erp42_description/lib/erp42_description

Installed /home/sumin/erp42_ws/build/erp42_description
running symlink_data
symbolically linking /home/sumin/erp42_ws/build/erp42_description/resource/erp42_description -> /home/sumin/erp42_ws/install/erp42_description/share/ament_index/resource_index/packages
symbolically linking /home/sumin/erp42_ws/build/erp42_description/package.xml -> /home/sumin/erp42_ws/install/erp42_description/share/erp42_description
symbolically linking /home/sumin/erp42_ws/build/erp42_description/worlds/erp42_with_cone.world -> /home/sumin/erp42_ws/install/erp42_description/share/erp42_description/worlds
symbolically linking /home/sumin/erp42_ws/build/erp42_description/worlds/cone1.world -> /home/sumin/erp42_ws/install/erp42_description/share/erp42_description/worlds
symbolically linking /home/sumin/erp42_ws/build/erp42_description/launch/erp42_simulation.launch.py -> /home/sumin/erp42_ws/install/erp42_description/share/erp42_description/launch
symbolically linking /home/sumin/erp42_ws/build/erp42_description/launch/cone_simulation.launch.py -> /home/sumin/erp42_ws/install/erp42_description/share/erp42_description/launch
symbolically linking /home/sumin/erp42_ws/build/erp42_description/urdf/macros_erp42.xacro -> /home/sumin/erp42_ws/install/erp42_description/share/erp42_description/urdf
symbolically linking /home/sumin/erp42_ws/build/erp42_description/urdf/erp42.urdf.xacro -> /home/sumin/erp42_ws/install/erp42_description/share/erp42_description/urdf
symbolically linking /home/sumin/erp42_ws/build/erp42_description/urdf/erp42_control.gazebo -> /home/sumin/erp42_ws/install/erp42_description/share/erp42_description/urdf
symbolically linking /home/sumin/erp42_ws/build/erp42_description/meshes/erp42_structure.dae -> /home/sumin/erp42_ws/install/erp42_description/share/erp42_description/meshes
symbolically linking /home/sumin/erp42_ws/build/erp42_description/meshes/caucho.dae -> /home/sumin/erp42_ws/install/erp42_description/share/erp42_description/meshes
symbolically linking /home/sumin/erp42_ws/build/erp42_description/meshes/slope.dae -> /home/sumin/erp42_ws/install/erp42_description/share/erp42_description/meshes
symbolically linking /home/sumin/erp42_ws/build/erp42_description/meshes/steer_wheel.dae -> /home/sumin/erp42_ws/install/erp42_description/share/erp42_description/meshes
symbolically linking /home/sumin/erp42_ws/build/erp42_description/meshes/caucho_right.dae -> /home/sumin/erp42_ws/install/erp42_description/share/erp42_description/meshes
symbolically linking /home/sumin/erp42_ws/build/erp42_description/meshes/disk.dae -> /home/sumin/erp42_ws/install/erp42_description/share/erp42_description/meshes
symbolically linking /home/sumin/erp42_ws/build/erp42_description/config/erp42_controller_flat.yaml -> /home/sumin/erp42_ws/install/erp42_description/share/erp42_description/config
symbolically linking /home/sumin/erp42_ws/build/erp42_description/config/erp42_controller_config.yaml -> /home/sumin/erp42_ws/install/erp42_description/share/erp42_description/config
symbolically linking /home/sumin/erp42_ws/build/erp42_description/config/ackermann_controller.yaml -> /home/sumin/erp42_ws/install/erp42_description/share/erp42_description/config
symbolically linking /home/sumin/erp42_ws/build/erp42_description/config/erp42_controllers.yaml -> /home/sumin/erp42_ws/install/erp42_description/share/erp42_description/config
