[0.684s] Invoking command in '/home/sumin/erp42_ws/build/erp42_description': PYTHONPATH=/home/sumin/erp42_ws/build/erp42_description/prefix_override:/usr/lib/python3/dist-packages/colcon_core/task/python/colcon_distutils_commands:/home/sumin/erp42_ws/install/erp42_description/lib/python3.8/site-packages:${PYTHONPATH} /usr/bin/python3 -W ignore:setup.py install is deprecated -W ignore:easy_install command is deprecated setup.py develop --editable --build-directory /home/sumin/erp42_ws/build/erp42_description/build --no-deps symlink_data --force
[0.984s] running develop
[1.094s] running egg_info
[1.095s] writing erp42_description.egg-info/PKG-INFO
[1.095s] writing dependency_links to erp42_description.egg-info/dependency_links.txt
[1.095s] writing entry points to erp42_description.egg-info/entry_points.txt
[1.095s] writing requirements to erp42_description.egg-info/requires.txt
[1.095s] writing top-level names to erp42_description.egg-info/top_level.txt
[1.126s] reading manifest file 'erp42_description.egg-info/SOURCES.txt'
[1.127s] writing manifest file 'erp42_description.egg-info/SOURCES.txt'
[1.157s] running build_ext
[1.157s] Creating /home/sumin/erp42_ws/install/erp42_description/lib/python3.8/site-packages/erp42-description.egg-link (link to .)
[1.157s] Installing front_camera_viewer script to /home/sumin/erp42_ws/install/erp42_description/lib/erp42_description
[1.157s] Installing steering_drive_bridge script to /home/sumin/erp42_ws/install/erp42_description/lib/erp42_description
[1.158s] 
[1.158s] Installed /home/sumin/erp42_ws/build/erp42_description
[1.158s] running symlink_data
[1.158s] symbolically linking /home/sumin/erp42_ws/build/erp42_description/resource/erp42_description -> /home/sumin/erp42_ws/install/erp42_description/share/ament_index/resource_index/packages
[1.158s] symbolically linking /home/sumin/erp42_ws/build/erp42_description/package.xml -> /home/sumin/erp42_ws/install/erp42_description/share/erp42_description
[1.158s] symbolically linking /home/sumin/erp42_ws/build/erp42_description/worlds/erp42_with_cone.world -> /home/sumin/erp42_ws/install/erp42_description/share/erp42_description/worlds
[1.158s] symbolically linking /home/sumin/erp42_ws/build/erp42_description/worlds/cone1.world -> /home/sumin/erp42_ws/install/erp42_description/share/erp42_description/worlds
[1.158s] symbolically linking /home/sumin/erp42_ws/build/erp42_description/launch/erp42_simulation.launch.py -> /home/sumin/erp42_ws/install/erp42_description/share/erp42_description/launch
[1.158s] symbolically linking /home/sumin/erp42_ws/build/erp42_description/launch/cone_simulation.launch.py -> /home/sumin/erp42_ws/install/erp42_description/share/erp42_description/launch
[1.159s] symbolically linking /home/sumin/erp42_ws/build/erp42_description/urdf/macros_erp42.xacro -> /home/sumin/erp42_ws/install/erp42_description/share/erp42_description/urdf
[1.159s] symbolically linking /home/sumin/erp42_ws/build/erp42_description/urdf/erp42.urdf.xacro -> /home/sumin/erp42_ws/install/erp42_description/share/erp42_description/urdf
[1.159s] symbolically linking /home/sumin/erp42_ws/build/erp42_description/urdf/erp42_control.gazebo -> /home/sumin/erp42_ws/install/erp42_description/share/erp42_description/urdf
[1.165s] symbolically linking /home/sumin/erp42_ws/build/erp42_description/meshes/erp42_structure.dae -> /home/sumin/erp42_ws/install/erp42_description/share/erp42_description/meshes
[1.170s] symbolically linking /home/sumin/erp42_ws/build/erp42_description/meshes/caucho.dae -> /home/sumin/erp42_ws/install/erp42_description/share/erp42_description/meshes
[1.170s] symbolically linking /home/sumin/erp42_ws/build/erp42_description/meshes/slope.dae -> /home/sumin/erp42_ws/install/erp42_description/share/erp42_description/meshes
[1.170s] symbolically linking /home/sumin/erp42_ws/build/erp42_description/meshes/steer_wheel.dae -> /home/sumin/erp42_ws/install/erp42_description/share/erp42_description/meshes
[1.174s] symbolically linking /home/sumin/erp42_ws/build/erp42_description/meshes/caucho_right.dae -> /home/sumin/erp42_ws/install/erp42_description/share/erp42_description/meshes
[1.174s] symbolically linking /home/sumin/erp42_ws/build/erp42_description/meshes/disk.dae -> /home/sumin/erp42_ws/install/erp42_description/share/erp42_description/meshes
[1.175s] symbolically linking /home/sumin/erp42_ws/build/erp42_description/config/erp42_controller_flat.yaml -> /home/sumin/erp42_ws/install/erp42_description/share/erp42_description/config
[1.175s] symbolically linking /home/sumin/erp42_ws/build/erp42_description/config/erp42_controller_config.yaml -> /home/sumin/erp42_ws/install/erp42_description/share/erp42_description/config
[1.175s] symbolically linking /home/sumin/erp42_ws/build/erp42_description/config/ackermann_controller.yaml -> /home/sumin/erp42_ws/install/erp42_description/share/erp42_description/config
[1.175s] symbolically linking /home/sumin/erp42_ws/build/erp42_description/config/erp42_controllers.yaml -> /home/sumin/erp42_ws/install/erp42_description/share/erp42_description/config
[1.204s] Invoked command in '/home/sumin/erp42_ws/build/erp42_description' returned '0': PYTHONPATH=/home/sumin/erp42_ws/build/erp42_description/prefix_override:/usr/lib/python3/dist-packages/colcon_core/task/python/colcon_distutils_commands:/home/sumin/erp42_ws/install/erp42_description/lib/python3.8/site-packages:${PYTHONPATH} /usr/bin/python3 -W ignore:setup.py install is deprecated -W ignore:easy_install command is deprecated setup.py develop --editable --build-directory /home/sumin/erp42_ws/build/erp42_description/build --no-deps symlink_data --force
