[0.226s] DEBUG:colcon:Command line arguments: ['/usr/bin/colcon', 'build', '--symlink-install']
[0.227s] DEBUG:colcon:Parsed command line arguments: Namespace(allow_overriding=[], ament_cmake_args=None, base_paths=['.'], build_base='build', catkin_cmake_args=None, catkin_skip_building_tests=False, cmake_args=None, cmake_clean_cache=False, cmake_clean_first=False, cmake_force_configure=False, cmake_target=None, cmake_target_skip_unavailable=False, continue_on_error=False, event_handlers=None, executor='parallel', ignore_user_meta=False, install_base='install', log_base=None, log_level=None, main=<bound method BuildVerb.main of <colcon_core.verb.build.BuildVerb object at 0x7f868f980670>>, merge_install=False, metas=['./colcon.meta'], packages_above=None, packages_above_and_dependencies=None, packages_above_depth=None, packages_end=None, packages_ignore=None, packages_ignore_regex=None, packages_select=None, packages_select_build_failed=False, packages_select_by_dep=None, packages_select_regex=None, packages_select_test_failures=False, packages_skip=None, packages_skip_build_finished=False, packages_skip_by_dep=None, packages_skip_regex=None, packages_skip_test_passed=False, packages_skip_up_to=None, packages_start=None, packages_up_to=None, packages_up_to_regex=None, parallel_workers=2, paths=None, symlink_install=True, test_result_base=None, verb_extension=<colcon_core.verb.build.BuildVerb object at 0x7f868f980670>, verb_name='build', verb_parser=<colcon_defaults.argument_parser.defaults.DefaultArgumentsDecorator object at 0x7f868f8e0c10>)
[0.463s] Level 1:colcon.colcon_core.package_discovery:discover_packages(colcon_meta) check parameters
[0.464s] Level 1:colcon.colcon_core.package_discovery:discover_packages(recursive) check parameters
[0.464s] Level 1:colcon.colcon_core.package_discovery:discover_packages(ignore) check parameters
[0.464s] Level 1:colcon.colcon_core.package_discovery:discover_packages(path) check parameters
[0.464s] Level 1:colcon.colcon_core.package_discovery:discover_packages(colcon_meta) discover
[0.464s] Level 1:colcon.colcon_core.package_discovery:discover_packages(recursive) discover
[0.464s] INFO:colcon.colcon_core.package_discovery:Crawling recursively for packages in '/home/sumin/erp42_ws'
[0.464s] Level 1:colcon.colcon_core.package_identification:_identify(.) by extensions ['ignore', 'ignore_ament_install']
[0.464s] Level 1:colcon.colcon_core.package_identification:_identify(.) by extension 'ignore'
[0.464s] Level 1:colcon.colcon_core.package_identification:_identify(.) by extension 'ignore_ament_install'
[0.464s] Level 1:colcon.colcon_core.package_identification:_identify(.) by extensions ['colcon_pkg']
[0.464s] Level 1:colcon.colcon_core.package_identification:_identify(.) by extension 'colcon_pkg'
[0.464s] Level 1:colcon.colcon_core.package_identification:_identify(.) by extensions ['colcon_meta']
[0.464s] Level 1:colcon.colcon_core.package_identification:_identify(.) by extension 'colcon_meta'
[0.464s] Level 1:colcon.colcon_core.package_identification:_identify(.) by extensions ['ros']
[0.464s] Level 1:colcon.colcon_core.package_identification:_identify(.) by extension 'ros'
[0.474s] Level 1:colcon.colcon_core.package_identification:_identify(.) by extensions ['cmake', 'python']
[0.475s] Level 1:colcon.colcon_core.package_identification:_identify(.) by extension 'cmake'
[0.476s] Level 1:colcon.colcon_core.package_identification:_identify(.) by extension 'python'
[0.476s] Level 1:colcon.colcon_core.package_identification:_identify(.) by extensions ['python_setup_py']
[0.476s] Level 1:colcon.colcon_core.package_identification:_identify(.) by extension 'python_setup_py'
[0.476s] Level 1:colcon.colcon_core.package_identification:_identify(build) by extensions ['ignore', 'ignore_ament_install']
[0.477s] Level 1:colcon.colcon_core.package_identification:_identify(build) by extension 'ignore'
[0.477s] Level 1:colcon.colcon_core.package_identification:_identify(build) ignored
[0.477s] Level 1:colcon.colcon_core.package_identification:_identify(install) by extensions ['ignore', 'ignore_ament_install']
[0.477s] Level 1:colcon.colcon_core.package_identification:_identify(install) by extension 'ignore'
[0.477s] Level 1:colcon.colcon_core.package_identification:_identify(install) ignored
[0.477s] Level 1:colcon.colcon_core.package_identification:_identify(log) by extensions ['ignore', 'ignore_ament_install']
[0.477s] Level 1:colcon.colcon_core.package_identification:_identify(log) by extension 'ignore'
[0.477s] Level 1:colcon.colcon_core.package_identification:_identify(log) ignored
[0.478s] Level 1:colcon.colcon_core.package_identification:_identify(src) by extensions ['ignore', 'ignore_ament_install']
[0.478s] Level 1:colcon.colcon_core.package_identification:_identify(src) by extension 'ignore'
[0.478s] Level 1:colcon.colcon_core.package_identification:_identify(src) by extension 'ignore_ament_install'
[0.478s] Level 1:colcon.colcon_core.package_identification:_identify(src) by extensions ['colcon_pkg']
[0.478s] Level 1:colcon.colcon_core.package_identification:_identify(src) by extension 'colcon_pkg'
[0.478s] Level 1:colcon.colcon_core.package_identification:_identify(src) by extensions ['colcon_meta']
[0.478s] Level 1:colcon.colcon_core.package_identification:_identify(src) by extension 'colcon_meta'
[0.478s] Level 1:colcon.colcon_core.package_identification:_identify(src) by extensions ['ros']
[0.478s] Level 1:colcon.colcon_core.package_identification:_identify(src) by extension 'ros'
[0.478s] Level 1:colcon.colcon_core.package_identification:_identify(src) by extensions ['cmake', 'python']
[0.478s] Level 1:colcon.colcon_core.package_identification:_identify(src) by extension 'cmake'
[0.478s] Level 1:colcon.colcon_core.package_identification:_identify(src) by extension 'python'
[0.478s] Level 1:colcon.colcon_core.package_identification:_identify(src) by extensions ['python_setup_py']
[0.478s] Level 1:colcon.colcon_core.package_identification:_identify(src) by extension 'python_setup_py'
[0.479s] Level 1:colcon.colcon_core.package_identification:_identify(src/erp42_description) by extensions ['ignore', 'ignore_ament_install']
[0.479s] Level 1:colcon.colcon_core.package_identification:_identify(src/erp42_description) by extension 'ignore'
[0.479s] Level 1:colcon.colcon_core.package_identification:_identify(src/erp42_description) by extension 'ignore_ament_install'
[0.479s] Level 1:colcon.colcon_core.package_identification:_identify(src/erp42_description) by extensions ['colcon_pkg']
[0.479s] Level 1:colcon.colcon_core.package_identification:_identify(src/erp42_description) by extension 'colcon_pkg'
[0.479s] Level 1:colcon.colcon_core.package_identification:_identify(src/erp42_description) by extensions ['colcon_meta']
[0.479s] Level 1:colcon.colcon_core.package_identification:_identify(src/erp42_description) by extension 'colcon_meta'
[0.479s] Level 1:colcon.colcon_core.package_identification:_identify(src/erp42_description) by extensions ['ros']
[0.479s] Level 1:colcon.colcon_core.package_identification:_identify(src/erp42_description) by extension 'ros'
[0.483s] DEBUG:colcon.colcon_core.package_identification:Package 'src/erp42_description' with type 'ros.ament_python' and name 'erp42_description'
[0.483s] Level 1:colcon.colcon_core.package_discovery:discover_packages(recursive) using defaults
[0.483s] Level 1:colcon.colcon_core.package_discovery:discover_packages(ignore) discover
[0.483s] Level 1:colcon.colcon_core.package_discovery:discover_packages(ignore) using defaults
[0.483s] Level 1:colcon.colcon_core.package_discovery:discover_packages(path) discover
[0.483s] Level 1:colcon.colcon_core.package_discovery:discover_packages(path) using defaults
[0.506s] Level 1:colcon.colcon_core.package_discovery:discover_packages(prefix_path) check parameters
[0.506s] Level 1:colcon.colcon_core.package_discovery:discover_packages(prefix_path) discover
[0.508s] DEBUG:colcon.colcon_installed_package_information.package_discovery:Found 1 installed packages in /home/sumin/erp42_ws/install
[0.509s] DEBUG:colcon.colcon_installed_package_information.package_discovery:Found 330 installed packages in /opt/ros/foxy
[0.525s] Level 1:colcon.colcon_core.package_discovery:discover_packages(prefix_path) using defaults
[0.598s] Level 5:colcon.colcon_core.verb:set package 'erp42_description' build argument 'cmake_args' from command line to 'None'
[0.598s] Level 5:colcon.colcon_core.verb:set package 'erp42_description' build argument 'cmake_target' from command line to 'None'
[0.598s] Level 5:colcon.colcon_core.verb:set package 'erp42_description' build argument 'cmake_target_skip_unavailable' from command line to 'False'
[0.598s] Level 5:colcon.colcon_core.verb:set package 'erp42_description' build argument 'cmake_clean_cache' from command line to 'False'
[0.598s] Level 5:colcon.colcon_core.verb:set package 'erp42_description' build argument 'cmake_clean_first' from command line to 'False'
[0.598s] Level 5:colcon.colcon_core.verb:set package 'erp42_description' build argument 'cmake_force_configure' from command line to 'False'
[0.598s] Level 5:colcon.colcon_core.verb:set package 'erp42_description' build argument 'ament_cmake_args' from command line to 'None'
[0.598s] Level 5:colcon.colcon_core.verb:set package 'erp42_description' build argument 'catkin_cmake_args' from command line to 'None'
[0.598s] Level 5:colcon.colcon_core.verb:set package 'erp42_description' build argument 'catkin_skip_building_tests' from command line to 'False'
[0.598s] DEBUG:colcon.colcon_core.verb:Building package 'erp42_description' with the following arguments: {'ament_cmake_args': None, 'build_base': '/home/sumin/erp42_ws/build/erp42_description', 'catkin_cmake_args': None, 'catkin_skip_building_tests': False, 'cmake_args': None, 'cmake_clean_cache': False, 'cmake_clean_first': False, 'cmake_force_configure': False, 'cmake_target': None, 'cmake_target_skip_unavailable': False, 'install_base': '/home/sumin/erp42_ws/install/erp42_description', 'merge_install': False, 'path': '/home/sumin/erp42_ws/src/erp42_description', 'symlink_install': True, 'test_result_base': None}
[0.598s] INFO:colcon.colcon_core.executor:Executing jobs using 'parallel' executor
[0.599s] DEBUG:colcon.colcon_parallel_executor.executor.parallel:run_until_complete
[0.600s] INFO:colcon.colcon_ros.task.ament_python.build:Building ROS package in '/home/sumin/erp42_ws/src/erp42_description' with build type 'ament_python'
[0.600s] Level 1:colcon.colcon_core.shell:create_environment_hook('erp42_description', 'ament_prefix_path')
[0.602s] INFO:colcon.colcon_core.plugin_system:Skipping extension 'colcon_core.shell.bat': Not used on non-Windows systems
[0.602s] INFO:colcon.colcon_core.shell:Creating environment hook '/home/sumin/erp42_ws/install/erp42_description/share/erp42_description/hook/ament_prefix_path.ps1'
[0.603s] INFO:colcon.colcon_core.shell:Creating environment descriptor '/home/sumin/erp42_ws/install/erp42_description/share/erp42_description/hook/ament_prefix_path.dsv'
[0.605s] INFO:colcon.colcon_core.shell:Creating environment hook '/home/sumin/erp42_ws/install/erp42_description/share/erp42_description/hook/ament_prefix_path.sh'
[0.606s] INFO:colcon.colcon_core.shell:Skip shell extension 'powershell' for command environment: Not usable outside of PowerShell
[0.606s] DEBUG:colcon.colcon_core.shell:Skip shell extension 'dsv' for command environment
[0.954s] INFO:colcon.colcon_core.task.python.build:Building Python package in '/home/sumin/erp42_ws/src/erp42_description'
[0.954s] INFO:colcon.colcon_core.shell:Skip shell extension 'powershell' for command environment: Not usable outside of PowerShell
[0.954s] DEBUG:colcon.colcon_core.shell:Skip shell extension 'dsv' for command environment
[1.489s] DEBUG:colcon.colcon_core.event_handler.log_command:Invoking command in '/home/sumin/erp42_ws/build/erp42_description': PYTHONPATH=/home/sumin/erp42_ws/build/erp42_description/prefix_override:/usr/lib/python3/dist-packages/colcon_core/task/python/colcon_distutils_commands:/home/sumin/erp42_ws/install/erp42_description/lib/python3.8/site-packages:${PYTHONPATH} /usr/bin/python3 -W ignore:setup.py install is deprecated -W ignore:easy_install command is deprecated setup.py develop --editable --build-directory /home/sumin/erp42_ws/build/erp42_description/build --no-deps symlink_data
[2.014s] Level 1:colcon.colcon_core.shell:create_environment_hook('erp42_description', 'pythonpath_develop')
[2.015s] INFO:colcon.colcon_core.shell:Creating environment hook '/home/sumin/erp42_ws/build/erp42_description/share/erp42_description/hook/pythonpath_develop.ps1'
[2.016s] INFO:colcon.colcon_core.shell:Creating environment descriptor '/home/sumin/erp42_ws/build/erp42_description/share/erp42_description/hook/pythonpath_develop.dsv'
[2.016s] INFO:colcon.colcon_core.shell:Creating environment hook '/home/sumin/erp42_ws/build/erp42_description/share/erp42_description/hook/pythonpath_develop.sh'
[2.018s] DEBUG:colcon.colcon_core.event_handler.log_command:Invoked command in '/home/sumin/erp42_ws/build/erp42_description' returned '0': PYTHONPATH=/home/sumin/erp42_ws/build/erp42_description/prefix_override:/usr/lib/python3/dist-packages/colcon_core/task/python/colcon_distutils_commands:/home/sumin/erp42_ws/install/erp42_description/lib/python3.8/site-packages:${PYTHONPATH} /usr/bin/python3 -W ignore:setup.py install is deprecated -W ignore:easy_install command is deprecated setup.py develop --editable --build-directory /home/sumin/erp42_ws/build/erp42_description/build --no-deps symlink_data
[2.021s] Level 1:colcon.colcon_core.environment:checking '/home/sumin/erp42_ws/install/erp42_description' for CMake module files
[2.022s] Level 1:colcon.colcon_core.environment:checking '/home/sumin/erp42_ws/install/erp42_description' for CMake config files
[2.023s] Level 1:colcon.colcon_core.environment:checking '/home/sumin/erp42_ws/install/erp42_description/lib'
[2.023s] Level 1:colcon.colcon_core.environment:checking '/home/sumin/erp42_ws/install/erp42_description/bin'
[2.023s] Level 1:colcon.colcon_core.environment:checking '/home/sumin/erp42_ws/install/erp42_description/lib/pkgconfig/erp42_description.pc'
[2.024s] Level 1:colcon.colcon_core.environment:checking '/home/sumin/erp42_ws/install/erp42_description/lib/python3.8/site-packages'
[2.024s] Level 1:colcon.colcon_core.shell:create_environment_hook('erp42_description', 'pythonpath')
[2.024s] INFO:colcon.colcon_core.shell:Creating environment hook '/home/sumin/erp42_ws/install/erp42_description/share/erp42_description/hook/pythonpath.ps1'
[2.025s] INFO:colcon.colcon_core.shell:Creating environment descriptor '/home/sumin/erp42_ws/install/erp42_description/share/erp42_description/hook/pythonpath.dsv'
[2.026s] INFO:colcon.colcon_core.shell:Creating environment hook '/home/sumin/erp42_ws/install/erp42_description/share/erp42_description/hook/pythonpath.sh'
[2.027s] Level 1:colcon.colcon_core.environment:checking '/home/sumin/erp42_ws/install/erp42_description/bin'
[2.027s] Level 1:colcon.colcon_core.environment:create_environment_scripts_only(erp42_description)
[2.028s] INFO:colcon.colcon_core.shell:Creating package script '/home/sumin/erp42_ws/install/erp42_description/share/erp42_description/package.ps1'
[2.029s] INFO:colcon.colcon_core.shell:Creating package descriptor '/home/sumin/erp42_ws/install/erp42_description/share/erp42_description/package.dsv'
[2.030s] INFO:colcon.colcon_core.shell:Creating package script '/home/sumin/erp42_ws/install/erp42_description/share/erp42_description/package.sh'
[2.030s] INFO:colcon.colcon_core.shell:Creating package script '/home/sumin/erp42_ws/install/erp42_description/share/erp42_description/package.bash'
[2.031s] INFO:colcon.colcon_core.shell:Creating package script '/home/sumin/erp42_ws/install/erp42_description/share/erp42_description/package.zsh'
[2.032s] Level 1:colcon.colcon_core.environment:create_file_with_runtime_dependencies(/home/sumin/erp42_ws/install/erp42_description/share/colcon-core/packages/erp42_description)
[2.033s] DEBUG:colcon.colcon_parallel_executor.executor.parallel:closing loop
[2.033s] DEBUG:colcon.colcon_parallel_executor.executor.parallel:loop closed
[2.033s] DEBUG:colcon.colcon_parallel_executor.executor.parallel:run_until_complete finished with '0'
[2.034s] DEBUG:colcon.colcon_core.event_reactor:joining thread
[2.041s] INFO:colcon.colcon_core.plugin_system:Skipping extension 'colcon_notification.desktop_notification.terminal_notifier': Not used on non-Darwin systems
[2.041s] INFO:colcon.colcon_core.plugin_system:Skipping extension 'colcon_notification.desktop_notification.win32': Not used on non-Windows systems
[2.042s] INFO:colcon.colcon_notification.desktop_notification:Sending desktop notification using 'notify2'
[2.066s] DEBUG:colcon.colcon_core.event_reactor:joined thread
[2.066s] INFO:colcon.colcon_core.shell:Creating prefix script '/home/sumin/erp42_ws/install/local_setup.ps1'
[2.068s] INFO:colcon.colcon_core.shell:Creating prefix util module '/home/sumin/erp42_ws/install/_local_setup_util_ps1.py'
[2.073s] INFO:colcon.colcon_core.shell:Creating prefix chain script '/home/sumin/erp42_ws/install/setup.ps1'
[2.076s] INFO:colcon.colcon_core.shell:Creating prefix script '/home/sumin/erp42_ws/install/local_setup.sh'
[2.077s] INFO:colcon.colcon_core.shell:Creating prefix util module '/home/sumin/erp42_ws/install/_local_setup_util_sh.py'
[2.078s] INFO:colcon.colcon_core.shell:Creating prefix chain script '/home/sumin/erp42_ws/install/setup.sh'
[2.080s] INFO:colcon.colcon_core.shell:Creating prefix script '/home/sumin/erp42_ws/install/local_setup.bash'
[2.081s] INFO:colcon.colcon_core.shell:Creating prefix chain script '/home/sumin/erp42_ws/install/setup.bash'
[2.082s] INFO:colcon.colcon_core.shell:Creating prefix script '/home/sumin/erp42_ws/install/local_setup.zsh'
[2.084s] INFO:colcon.colcon_core.shell:Creating prefix chain script '/home/sumin/erp42_ws/install/setup.zsh'
