[0.568s] DEBUG:colcon:Command line arguments: ['/usr/bin/colcon', 'build', '--symlink-install']
[0.568s] DEBUG:colcon:Parsed command line arguments: Namespace(allow_overriding=[], ament_cmake_args=None, base_paths=['.'], build_base='build', catkin_cmake_args=None, catkin_skip_building_tests=False, cmake_args=None, cmake_clean_cache=False, cmake_clean_first=False, cmake_force_configure=False, cmake_target=None, cmake_target_skip_unavailable=False, continue_on_error=False, event_handlers=None, executor='parallel', ignore_user_meta=False, install_base='install', log_base=None, log_level=None, main=<bound method BuildVerb.main of <colcon_core.verb.build.BuildVerb object at 0x7f9204478670>>, merge_install=False, metas=['./colcon.meta'], packages_above=None, packages_above_and_dependencies=None, packages_above_depth=None, packages_end=None, packages_ignore=None, packages_ignore_regex=None, packages_select=None, packages_select_build_failed=False, packages_select_by_dep=None, packages_select_regex=None, packages_select_test_failures=False, packages_skip=None, packages_skip_build_finished=False, packages_skip_by_dep=None, packages_skip_regex=None, packages_skip_test_passed=False, packages_skip_up_to=None, packages_start=None, packages_up_to=None, packages_up_to_regex=None, parallel_workers=2, paths=None, symlink_install=True, test_result_base=None, verb_extension=<colcon_core.verb.build.BuildVerb object at 0x7f9204478670>, verb_name='build', verb_parser=<colcon_defaults.argument_parser.defaults.DefaultArgumentsDecorator object at 0x7f92043d8c10>)
[0.783s] Level 1:colcon.colcon_core.package_discovery:discover_packages(colcon_meta) check parameters
[0.783s] Level 1:colcon.colcon_core.package_discovery:discover_packages(recursive) check parameters
[0.783s] Level 1:colcon.colcon_core.package_discovery:discover_packages(ignore) check parameters
[0.783s] Level 1:colcon.colcon_core.package_discovery:discover_packages(path) check parameters
[0.783s] Level 1:colcon.colcon_core.package_discovery:discover_packages(colcon_meta) discover
[0.783s] Level 1:colcon.colcon_core.package_discovery:discover_packages(recursive) discover
[0.784s] INFO:colcon.colcon_core.package_discovery:Crawling recursively for packages in '/home/sumin/erp42_ws'
[0.784s] Level 1:colcon.colcon_core.package_identification:_identify(.) by extensions ['ignore', 'ignore_ament_install']
[0.784s] Level 1:colcon.colcon_core.package_identification:_identify(.) by extension 'ignore'
[0.784s] Level 1:colcon.colcon_core.package_identification:_identify(.) by extension 'ignore_ament_install'
[0.784s] Level 1:colcon.colcon_core.package_identification:_identify(.) by extensions ['colcon_pkg']
[0.784s] Level 1:colcon.colcon_core.package_identification:_identify(.) by extension 'colcon_pkg'
[0.784s] Level 1:colcon.colcon_core.package_identification:_identify(.) by extensions ['colcon_meta']
[0.784s] Level 1:colcon.colcon_core.package_identification:_identify(.) by extension 'colcon_meta'
[0.784s] Level 1:colcon.colcon_core.package_identification:_identify(.) by extensions ['ros']
[0.785s] Level 1:colcon.colcon_core.package_identification:_identify(.) by extension 'ros'
[0.803s] Level 1:colcon.colcon_core.package_identification:_identify(.) by extensions ['cmake', 'python']
[0.804s] Level 1:colcon.colcon_core.package_identification:_identify(.) by extension 'cmake'
[0.805s] Level 1:colcon.colcon_core.package_identification:_identify(.) by extension 'python'
[0.805s] Level 1:colcon.colcon_core.package_identification:_identify(.) by extensions ['python_setup_py']
[0.805s] Level 1:colcon.colcon_core.package_identification:_identify(.) by extension 'python_setup_py'
[0.805s] Level 1:colcon.colcon_core.package_identification:_identify(build) by extensions ['ignore', 'ignore_ament_install']
[0.805s] Level 1:colcon.colcon_core.package_identification:_identify(build) by extension 'ignore'
[0.805s] Level 1:colcon.colcon_core.package_identification:_identify(build) ignored
[0.806s] Level 1:colcon.colcon_core.package_identification:_identify(install) by extensions ['ignore', 'ignore_ament_install']
[0.806s] Level 1:colcon.colcon_core.package_identification:_identify(install) by extension 'ignore'
[0.806s] Level 1:colcon.colcon_core.package_identification:_identify(install) ignored
[0.806s] Level 1:colcon.colcon_core.package_identification:_identify(log) by extensions ['ignore', 'ignore_ament_install']
[0.806s] Level 1:colcon.colcon_core.package_identification:_identify(log) by extension 'ignore'
[0.806s] Level 1:colcon.colcon_core.package_identification:_identify(log) ignored
[0.806s] Level 1:colcon.colcon_core.package_identification:_identify(src) by extensions ['ignore', 'ignore_ament_install']
[0.806s] Level 1:colcon.colcon_core.package_identification:_identify(src) by extension 'ignore'
[0.807s] Level 1:colcon.colcon_core.package_identification:_identify(src) by extension 'ignore_ament_install'
[0.807s] Level 1:colcon.colcon_core.package_identification:_identify(src) by extensions ['colcon_pkg']
[0.807s] Level 1:colcon.colcon_core.package_identification:_identify(src) by extension 'colcon_pkg'
[0.807s] Level 1:colcon.colcon_core.package_identification:_identify(src) by extensions ['colcon_meta']
[0.807s] Level 1:colcon.colcon_core.package_identification:_identify(src) by extension 'colcon_meta'
[0.807s] Level 1:colcon.colcon_core.package_identification:_identify(src) by extensions ['ros']
[0.807s] Level 1:colcon.colcon_core.package_identification:_identify(src) by extension 'ros'
[0.807s] Level 1:colcon.colcon_core.package_identification:_identify(src) by extensions ['cmake', 'python']
[0.807s] Level 1:colcon.colcon_core.package_identification:_identify(src) by extension 'cmake'
[0.808s] Level 1:colcon.colcon_core.package_identification:_identify(src) by extension 'python'
[0.808s] Level 1:colcon.colcon_core.package_identification:_identify(src) by extensions ['python_setup_py']
[0.808s] Level 1:colcon.colcon_core.package_identification:_identify(src) by extension 'python_setup_py'
[0.808s] Level 1:colcon.colcon_core.package_identification:_identify(src/erp42_description) by extensions ['ignore', 'ignore_ament_install']
[0.808s] Level 1:colcon.colcon_core.package_identification:_identify(src/erp42_description) by extension 'ignore'
[0.808s] Level 1:colcon.colcon_core.package_identification:_identify(src/erp42_description) by extension 'ignore_ament_install'
[0.808s] Level 1:colcon.colcon_core.package_identification:_identify(src/erp42_description) by extensions ['colcon_pkg']
[0.808s] Level 1:colcon.colcon_core.package_identification:_identify(src/erp42_description) by extension 'colcon_pkg'
[0.808s] Level 1:colcon.colcon_core.package_identification:_identify(src/erp42_description) by extensions ['colcon_meta']
[0.809s] Level 1:colcon.colcon_core.package_identification:_identify(src/erp42_description) by extension 'colcon_meta'
[0.809s] Level 1:colcon.colcon_core.package_identification:_identify(src/erp42_description) by extensions ['ros']
[0.809s] Level 1:colcon.colcon_core.package_identification:_identify(src/erp42_description) by extension 'ros'
[0.813s] DEBUG:colcon.colcon_core.package_identification:Package 'src/erp42_description' with type 'ros.ament_python' and name 'erp42_description'
[0.813s] Level 1:colcon.colcon_core.package_discovery:discover_packages(recursive) using defaults
[0.814s] Level 1:colcon.colcon_core.package_discovery:discover_packages(ignore) discover
[0.814s] Level 1:colcon.colcon_core.package_discovery:discover_packages(ignore) using defaults
[0.814s] Level 1:colcon.colcon_core.package_discovery:discover_packages(path) discover
[0.814s] Level 1:colcon.colcon_core.package_discovery:discover_packages(path) using defaults
[0.850s] Level 1:colcon.colcon_core.package_discovery:discover_packages(prefix_path) check parameters
[0.851s] Level 1:colcon.colcon_core.package_discovery:discover_packages(prefix_path) discover
[0.856s] DEBUG:colcon.colcon_installed_package_information.package_discovery:Found 1 installed packages in /home/sumin/erp42_ws/install
[0.859s] DEBUG:colcon.colcon_installed_package_information.package_discovery:Found 331 installed packages in /opt/ros/foxy
[0.871s] Level 1:colcon.colcon_core.package_discovery:discover_packages(prefix_path) using defaults
[1.106s] Level 5:colcon.colcon_core.verb:set package 'erp42_description' build argument 'cmake_args' from command line to 'None'
[1.106s] Level 5:colcon.colcon_core.verb:set package 'erp42_description' build argument 'cmake_target' from command line to 'None'
[1.106s] Level 5:colcon.colcon_core.verb:set package 'erp42_description' build argument 'cmake_target_skip_unavailable' from command line to 'False'
[1.107s] Level 5:colcon.colcon_core.verb:set package 'erp42_description' build argument 'cmake_clean_cache' from command line to 'False'
[1.107s] Level 5:colcon.colcon_core.verb:set package 'erp42_description' build argument 'cmake_clean_first' from command line to 'False'
[1.107s] Level 5:colcon.colcon_core.verb:set package 'erp42_description' build argument 'cmake_force_configure' from command line to 'False'
[1.107s] Level 5:colcon.colcon_core.verb:set package 'erp42_description' build argument 'ament_cmake_args' from command line to 'None'
[1.107s] Level 5:colcon.colcon_core.verb:set package 'erp42_description' build argument 'catkin_cmake_args' from command line to 'None'
[1.107s] Level 5:colcon.colcon_core.verb:set package 'erp42_description' build argument 'catkin_skip_building_tests' from command line to 'False'
[1.107s] DEBUG:colcon.colcon_core.verb:Building package 'erp42_description' with the following arguments: {'ament_cmake_args': None, 'build_base': '/home/sumin/erp42_ws/build/erp42_description', 'catkin_cmake_args': None, 'catkin_skip_building_tests': False, 'cmake_args': None, 'cmake_clean_cache': False, 'cmake_clean_first': False, 'cmake_force_configure': False, 'cmake_target': None, 'cmake_target_skip_unavailable': False, 'install_base': '/home/sumin/erp42_ws/install/erp42_description', 'merge_install': False, 'path': '/home/sumin/erp42_ws/src/erp42_description', 'symlink_install': True, 'test_result_base': None}
[1.107s] INFO:colcon.colcon_core.executor:Executing jobs using 'parallel' executor
[1.109s] DEBUG:colcon.colcon_parallel_executor.executor.parallel:run_until_complete
[1.109s] INFO:colcon.colcon_ros.task.ament_python.build:Building ROS package in '/home/sumin/erp42_ws/src/erp42_description' with build type 'ament_python'
[1.110s] Level 1:colcon.colcon_core.shell:create_environment_hook('erp42_description', 'ament_prefix_path')
[1.120s] INFO:colcon.colcon_core.plugin_system:Skipping extension 'colcon_core.shell.bat': Not used on non-Windows systems
[1.121s] INFO:colcon.colcon_core.shell:Creating environment hook '/home/sumin/erp42_ws/install/erp42_description/share/erp42_description/hook/ament_prefix_path.ps1'
[1.123s] INFO:colcon.colcon_core.shell:Creating environment descriptor '/home/sumin/erp42_ws/install/erp42_description/share/erp42_description/hook/ament_prefix_path.dsv'
[1.124s] INFO:colcon.colcon_core.shell:Creating environment hook '/home/sumin/erp42_ws/install/erp42_description/share/erp42_description/hook/ament_prefix_path.sh'
[1.126s] INFO:colcon.colcon_core.shell:Skip shell extension 'powershell' for command environment: Not usable outside of PowerShell
[1.126s] DEBUG:colcon.colcon_core.shell:Skip shell extension 'dsv' for command environment
[1.436s] INFO:colcon.colcon_core.task.python.build:Building Python package in '/home/sumin/erp42_ws/src/erp42_description'
[1.437s] INFO:colcon.colcon_core.shell:Skip shell extension 'powershell' for command environment: Not usable outside of PowerShell
[1.437s] DEBUG:colcon.colcon_core.shell:Skip shell extension 'dsv' for command environment
[2.101s] DEBUG:colcon.colcon_core.event_handler.log_command:Invoking command in '/home/sumin/erp42_ws/build/erp42_description': PYTHONPATH=/home/sumin/erp42_ws/build/erp42_description/prefix_override:/usr/lib/python3/dist-packages/colcon_core/task/python/colcon_distutils_commands:/home/sumin/erp42_ws/install/erp42_description/lib/python3.8/site-packages:${PYTHONPATH} /usr/bin/python3 -W ignore:setup.py install is deprecated -W ignore:easy_install command is deprecated setup.py develop --editable --build-directory /home/sumin/erp42_ws/build/erp42_description/build --no-deps symlink_data
[2.618s] Level 1:colcon.colcon_core.shell:create_environment_hook('erp42_description', 'pythonpath_develop')
[2.619s] DEBUG:colcon.colcon_core.event_handler.log_command:Invoked command in '/home/sumin/erp42_ws/build/erp42_description' returned '0': PYTHONPATH=/home/sumin/erp42_ws/build/erp42_description/prefix_override:/usr/lib/python3/dist-packages/colcon_core/task/python/colcon_distutils_commands:/home/sumin/erp42_ws/install/erp42_description/lib/python3.8/site-packages:${PYTHONPATH} /usr/bin/python3 -W ignore:setup.py install is deprecated -W ignore:easy_install command is deprecated setup.py develop --editable --build-directory /home/sumin/erp42_ws/build/erp42_description/build --no-deps symlink_data
[2.619s] INFO:colcon.colcon_core.shell:Creating environment hook '/home/sumin/erp42_ws/build/erp42_description/share/erp42_description/hook/pythonpath_develop.ps1'
[2.621s] INFO:colcon.colcon_core.shell:Creating environment descriptor '/home/sumin/erp42_ws/build/erp42_description/share/erp42_description/hook/pythonpath_develop.dsv'
[2.622s] INFO:colcon.colcon_core.shell:Creating environment hook '/home/sumin/erp42_ws/build/erp42_description/share/erp42_description/hook/pythonpath_develop.sh'
[2.635s] Level 1:colcon.colcon_core.environment:checking '/home/sumin/erp42_ws/install/erp42_description' for CMake module files
[2.635s] Level 1:colcon.colcon_core.environment:checking '/home/sumin/erp42_ws/install/erp42_description' for CMake config files
[2.636s] Level 1:colcon.colcon_core.environment:checking '/home/sumin/erp42_ws/install/erp42_description/lib'
[2.637s] Level 1:colcon.colcon_core.environment:checking '/home/sumin/erp42_ws/install/erp42_description/bin'
[2.637s] Level 1:colcon.colcon_core.environment:checking '/home/sumin/erp42_ws/install/erp42_description/lib/pkgconfig/erp42_description.pc'
[2.637s] Level 1:colcon.colcon_core.environment:checking '/home/sumin/erp42_ws/install/erp42_description/lib/python3.8/site-packages'
[2.637s] Level 1:colcon.colcon_core.shell:create_environment_hook('erp42_description', 'pythonpath')
[2.638s] INFO:colcon.colcon_core.shell:Creating environment hook '/home/sumin/erp42_ws/install/erp42_description/share/erp42_description/hook/pythonpath.ps1'
[2.639s] INFO:colcon.colcon_core.shell:Creating environment descriptor '/home/sumin/erp42_ws/install/erp42_description/share/erp42_description/hook/pythonpath.dsv'
[2.639s] INFO:colcon.colcon_core.shell:Creating environment hook '/home/sumin/erp42_ws/install/erp42_description/share/erp42_description/hook/pythonpath.sh'
[2.641s] Level 1:colcon.colcon_core.environment:checking '/home/sumin/erp42_ws/install/erp42_description/bin'
[2.641s] Level 1:colcon.colcon_core.environment:create_environment_scripts_only(erp42_description)
[2.641s] INFO:colcon.colcon_core.shell:Creating package script '/home/sumin/erp42_ws/install/erp42_description/share/erp42_description/package.ps1'
[2.643s] INFO:colcon.colcon_core.shell:Creating package descriptor '/home/sumin/erp42_ws/install/erp42_description/share/erp42_description/package.dsv'
[2.644s] INFO:colcon.colcon_core.shell:Creating package script '/home/sumin/erp42_ws/install/erp42_description/share/erp42_description/package.sh'
[2.645s] INFO:colcon.colcon_core.shell:Creating package script '/home/sumin/erp42_ws/install/erp42_description/share/erp42_description/package.bash'
[2.649s] INFO:colcon.colcon_core.shell:Creating package script '/home/sumin/erp42_ws/install/erp42_description/share/erp42_description/package.zsh'
[2.651s] Level 1:colcon.colcon_core.environment:create_file_with_runtime_dependencies(/home/sumin/erp42_ws/install/erp42_description/share/colcon-core/packages/erp42_description)
[2.652s] DEBUG:colcon.colcon_parallel_executor.executor.parallel:closing loop
[2.652s] DEBUG:colcon.colcon_parallel_executor.executor.parallel:loop closed
[2.652s] DEBUG:colcon.colcon_parallel_executor.executor.parallel:run_until_complete finished with '0'
[2.653s] DEBUG:colcon.colcon_core.event_reactor:joining thread
[2.671s] INFO:colcon.colcon_core.plugin_system:Skipping extension 'colcon_notification.desktop_notification.terminal_notifier': Not used on non-Darwin systems
[2.671s] INFO:colcon.colcon_core.plugin_system:Skipping extension 'colcon_notification.desktop_notification.win32': Not used on non-Windows systems
[2.671s] INFO:colcon.colcon_notification.desktop_notification:Sending desktop notification using 'notify2'
[2.708s] DEBUG:colcon.colcon_core.event_reactor:joined thread
[2.708s] INFO:colcon.colcon_core.shell:Creating prefix script '/home/sumin/erp42_ws/install/local_setup.ps1'
[2.711s] INFO:colcon.colcon_core.shell:Creating prefix util module '/home/sumin/erp42_ws/install/_local_setup_util_ps1.py'
[2.714s] INFO:colcon.colcon_core.shell:Creating prefix chain script '/home/sumin/erp42_ws/install/setup.ps1'
[2.719s] INFO:colcon.colcon_core.shell:Creating prefix script '/home/sumin/erp42_ws/install/local_setup.sh'
[2.720s] INFO:colcon.colcon_core.shell:Creating prefix util module '/home/sumin/erp42_ws/install/_local_setup_util_sh.py'
[2.722s] INFO:colcon.colcon_core.shell:Creating prefix chain script '/home/sumin/erp42_ws/install/setup.sh'
[2.724s] INFO:colcon.colcon_core.shell:Creating prefix script '/home/sumin/erp42_ws/install/local_setup.bash'
[2.725s] INFO:colcon.colcon_core.shell:Creating prefix chain script '/home/sumin/erp42_ws/install/setup.bash'
[2.727s] INFO:colcon.colcon_core.shell:Creating prefix script '/home/sumin/erp42_ws/install/local_setup.zsh'
[2.728s] INFO:colcon.colcon_core.shell:Creating prefix chain script '/home/sumin/erp42_ws/install/setup.zsh'
