running egg_info
creating ../../build/erp42_description/erp42_description.egg-info
writing ../../build/erp42_description/erp42_description.egg-info/PKG-INFO
writing dependency_links to ../../build/erp42_description/erp42_description.egg-info/dependency_links.txt
writing entry points to ../../build/erp42_description/erp42_description.egg-info/entry_points.txt
writing requirements to ../../build/erp42_description/erp42_description.egg-info/requires.txt
writing top-level names to ../../build/erp42_description/erp42_description.egg-info/top_level.txt
writing manifest file '../../build/erp42_description/erp42_description.egg-info/SOURCES.txt'
reading manifest file '../../build/erp42_description/erp42_description.egg-info/SOURCES.txt'
writing manifest file '../../build/erp42_description/erp42_description.egg-info/SOURCES.txt'
running build
running build_py
creating /home/sumin/erp42_ws/build/erp42_description/build
creating /home/sumin/erp42_ws/build/erp42_description/build/lib
creating /home/sumin/erp42_ws/build/erp42_description/build/lib/erp42_description
copying erp42_description/__init__.py -> /home/sumin/erp42_ws/build/erp42_description/build/lib/erp42_description
copying erp42_description/front_camera_viewer.py -> /home/sumin/erp42_ws/build/erp42_description/build/lib/erp42_description
running install
running install_lib
creating /home/sumin/erp42_ws/install/erp42_description/lib/python3.8/site-packages/erp42_description
copying /home/sumin/erp42_ws/build/erp42_description/build/lib/erp42_description/__init__.py -> /home/sumin/erp42_ws/install/erp42_description/lib/python3.8/site-packages/erp42_description
copying /home/sumin/erp42_ws/build/erp42_description/build/lib/erp42_description/front_camera_viewer.py -> /home/sumin/erp42_ws/install/erp42_description/lib/python3.8/site-packages/erp42_description
byte-compiling /home/sumin/erp42_ws/install/erp42_description/lib/python3.8/site-packages/erp42_description/__init__.py to __init__.cpython-38.pyc
byte-compiling /home/sumin/erp42_ws/install/erp42_description/lib/python3.8/site-packages/erp42_description/front_camera_viewer.py to front_camera_viewer.cpython-38.pyc
running install_data
creating /home/sumin/erp42_ws/install/erp42_description/share/ament_index
creating /home/sumin/erp42_ws/install/erp42_description/share/ament_index/resource_index
creating /home/sumin/erp42_ws/install/erp42_description/share/ament_index/resource_index/packages
copying resource/erp42_description -> /home/sumin/erp42_ws/install/erp42_description/share/ament_index/resource_index/packages
copying package.xml -> /home/sumin/erp42_ws/install/erp42_description/share/erp42_description
creating /home/sumin/erp42_ws/install/erp42_description/share/erp42_description/worlds
copying worlds/erp42_with_cone.world -> /home/sumin/erp42_ws/install/erp42_description/share/erp42_description/worlds
copying worlds/cone1.world -> /home/sumin/erp42_ws/install/erp42_description/share/erp42_description/worlds
creating /home/sumin/erp42_ws/install/erp42_description/share/erp42_description/launch
copying launch/erp42_simulation.launch.py -> /home/sumin/erp42_ws/install/erp42_description/share/erp42_description/launch
copying launch/cone_simulation.launch.py -> /home/sumin/erp42_ws/install/erp42_description/share/erp42_description/launch
creating /home/sumin/erp42_ws/install/erp42_description/share/erp42_description/urdf
copying urdf/macros_erp42.xacro -> /home/sumin/erp42_ws/install/erp42_description/share/erp42_description/urdf
copying urdf/erp42.urdf.xacro -> /home/sumin/erp42_ws/install/erp42_description/share/erp42_description/urdf
creating /home/sumin/erp42_ws/install/erp42_description/share/erp42_description/meshes
copying meshes/erp42_structure.dae -> /home/sumin/erp42_ws/install/erp42_description/share/erp42_description/meshes
copying meshes/caucho.dae -> /home/sumin/erp42_ws/install/erp42_description/share/erp42_description/meshes
copying meshes/slope.dae -> /home/sumin/erp42_ws/install/erp42_description/share/erp42_description/meshes
copying meshes/steer_wheel.dae -> /home/sumin/erp42_ws/install/erp42_description/share/erp42_description/meshes
copying meshes/caucho_right.dae -> /home/sumin/erp42_ws/install/erp42_description/share/erp42_description/meshes
copying meshes/disk.dae -> /home/sumin/erp42_ws/install/erp42_description/share/erp42_description/meshes
creating /home/sumin/erp42_ws/install/erp42_description/share/erp42_description/config
copying config/erp42_controller_flat.yaml -> /home/sumin/erp42_ws/install/erp42_description/share/erp42_description/config
copying config/erp42_controller_config.yaml -> /home/sumin/erp42_ws/install/erp42_description/share/erp42_description/config
running install_egg_info
Copying ../../build/erp42_description/erp42_description.egg-info to /home/sumin/erp42_ws/install/erp42_description/lib/python3.8/site-packages/erp42_description-0.1.0-py3.8.egg-info
running install_scripts
Installing front_camera_viewer script to /home/sumin/erp42_ws/install/erp42_description/lib/erp42_description
writing list of installed files to '/home/sumin/erp42_ws/build/erp42_description/install.log'
