[0.721s] Invoking command in '/home/sumin/erp42_ws/build/erp42_description': PYTHONPATH=/home/sumin/erp42_ws/build/erp42_description/prefix_override:/usr/lib/python3/dist-packages/colcon_core/task/python/colcon_distutils_commands:/home/sumin/erp42_ws/install/erp42_description/lib/python3.8/site-packages:${PYTHONPATH} /usr/bin/python3 -W ignore:setup.py install is deprecated -W ignore:easy_install command is deprecated setup.py develop --uninstall --editable --build-directory /home/sumin/erp42_ws/build/erp42_description/build
[0.953s] running develop
[1.070s] Removing /home/sumin/erp42_ws/install/erp42_description/lib/python3.8/site-packages/erp42-description.egg-link (link to .)
[1.092s] Invoked command in '/home/sumin/erp42_ws/build/erp42_description' returned '0': PYTHONPATH=/home/sumin/erp42_ws/build/erp42_description/prefix_override:/usr/lib/python3/dist-packages/colcon_core/task/python/colcon_distutils_commands:/home/sumin/erp42_ws/install/erp42_description/lib/python3.8/site-packages:${PYTHONPATH} /usr/bin/python3 -W ignore:setup.py install is deprecated -W ignore:easy_install command is deprecated setup.py develop --uninstall --editable --build-directory /home/sumin/erp42_ws/build/erp42_description/build
[1.096s] Invoking command in '/home/sumin/erp42_ws/src/erp42_description': PYTHONPATH=/home/sumin/erp42_ws/build/erp42_description/prefix_override:/usr/lib/python3/dist-packages/colcon_core/task/python/colcon_distutils_commands:/home/sumin/erp42_ws/install/erp42_description/lib/python3.8/site-packages:${PYTHONPATH} /usr/bin/python3 -W ignore:setup.py install is deprecated -W ignore:easy_install command is deprecated setup.py egg_info --egg-base ../../build/erp42_description build --build-base /home/sumin/erp42_ws/build/erp42_description/build install --record /home/sumin/erp42_ws/build/erp42_description/install.log --install-scripts $base/lib/erp42_description --single-version-externally-managed install_data --force
[1.298s] running egg_info
[1.299s] writing ../../build/erp42_description/erp42_description.egg-info/PKG-INFO
[1.300s] writing dependency_links to ../../build/erp42_description/erp42_description.egg-info/dependency_links.txt
[1.300s] writing entry points to ../../build/erp42_description/erp42_description.egg-info/entry_points.txt
[1.301s] writing requirements to ../../build/erp42_description/erp42_description.egg-info/requires.txt
[1.302s] writing top-level names to ../../build/erp42_description/erp42_description.egg-info/top_level.txt
[1.343s] reading manifest file '../../build/erp42_description/erp42_description.egg-info/SOURCES.txt'
[1.346s] writing manifest file '../../build/erp42_description/erp42_description.egg-info/SOURCES.txt'
[1.346s] running build
[1.347s] running build_py
[1.347s] creating /home/sumin/erp42_ws/build/erp42_description/build
[1.349s] creating /home/sumin/erp42_ws/build/erp42_description/build/lib
[1.350s] creating /home/sumin/erp42_ws/build/erp42_description/build/lib/erp42_description
[1.350s] copying erp42_description/__init__.py -> /home/sumin/erp42_ws/build/erp42_description/build/lib/erp42_description
[1.351s] copying erp42_description/cone1.py -> /home/sumin/erp42_ws/build/erp42_description/build/lib/erp42_description
[1.353s] copying erp42_description/steering_drive_bridge.py -> /home/sumin/erp42_ws/build/erp42_description/build/lib/erp42_description
[1.353s] copying erp42_description/front_camera_viewer.py -> /home/sumin/erp42_ws/build/erp42_description/build/lib/erp42_description
[1.354s] running install
[1.356s] running install_lib
[1.358s] creating /home/sumin/erp42_ws/install/erp42_description/lib/python3.8/site-packages/erp42_description
[1.359s] copying /home/sumin/erp42_ws/build/erp42_description/build/lib/erp42_description/__init__.py -> /home/sumin/erp42_ws/install/erp42_description/lib/python3.8/site-packages/erp42_description
[1.363s] copying /home/sumin/erp42_ws/build/erp42_description/build/lib/erp42_description/cone1.py -> /home/sumin/erp42_ws/install/erp42_description/lib/python3.8/site-packages/erp42_description
[1.363s] copying /home/sumin/erp42_ws/build/erp42_description/build/lib/erp42_description/steering_drive_bridge.py -> /home/sumin/erp42_ws/install/erp42_description/lib/python3.8/site-packages/erp42_description
[1.363s] copying /home/sumin/erp42_ws/build/erp42_description/build/lib/erp42_description/front_camera_viewer.py -> /home/sumin/erp42_ws/install/erp42_description/lib/python3.8/site-packages/erp42_description
[1.364s] byte-compiling /home/sumin/erp42_ws/install/erp42_description/lib/python3.8/site-packages/erp42_description/__init__.py to __init__.cpython-38.pyc
[1.364s] byte-compiling /home/sumin/erp42_ws/install/erp42_description/lib/python3.8/site-packages/erp42_description/cone1.py to cone1.cpython-38.pyc
[1.364s] byte-compiling /home/sumin/erp42_ws/install/erp42_description/lib/python3.8/site-packages/erp42_description/steering_drive_bridge.py to steering_drive_bridge.cpython-38.pyc
[1.364s] byte-compiling /home/sumin/erp42_ws/install/erp42_description/lib/python3.8/site-packages/erp42_description/front_camera_viewer.py to front_camera_viewer.cpython-38.pyc
[1.364s] running install_data
[1.365s] copying resource/erp42_description -> /home/sumin/erp42_ws/install/erp42_description/share/ament_index/resource_index/packages
[1.365s] copying package.xml -> /home/sumin/erp42_ws/install/erp42_description/share/erp42_description
[1.365s] copying worlds/erp42_with_cone.world -> /home/sumin/erp42_ws/install/erp42_description/share/erp42_description/worlds
[1.365s] copying worlds/cone1.world -> /home/sumin/erp42_ws/install/erp42_description/share/erp42_description/worlds
[1.365s] copying launch/erp42_simulation.launch.py -> /home/sumin/erp42_ws/install/erp42_description/share/erp42_description/launch
[1.365s] copying launch/cone_simulation.launch.py -> /home/sumin/erp42_ws/install/erp42_description/share/erp42_description/launch
[1.375s] copying urdf/macros_erp42.xacro -> /home/sumin/erp42_ws/install/erp42_description/share/erp42_description/urdf
[1.376s] copying urdf/erp42.urdf.xacro -> /home/sumin/erp42_ws/install/erp42_description/share/erp42_description/urdf
[1.377s] copying urdf/erp42_control.gazebo -> /home/sumin/erp42_ws/install/erp42_description/share/erp42_description/urdf
[1.377s] copying meshes/erp42_structure.dae -> /home/sumin/erp42_ws/install/erp42_description/share/erp42_description/meshes
[1.511s] copying meshes/caucho.dae -> /home/sumin/erp42_ws/install/erp42_description/share/erp42_description/meshes
[1.614s] copying meshes/slope.dae -> /home/sumin/erp42_ws/install/erp42_description/share/erp42_description/meshes
[1.614s] copying meshes/steer_wheel.dae -> /home/sumin/erp42_ws/install/erp42_description/share/erp42_description/meshes
[1.614s] copying meshes/caucho_right.dae -> /home/sumin/erp42_ws/install/erp42_description/share/erp42_description/meshes
[1.706s] copying meshes/disk.dae -> /home/sumin/erp42_ws/install/erp42_description/share/erp42_description/meshes
[1.720s] copying config/erp42_controller_flat.yaml -> /home/sumin/erp42_ws/install/erp42_description/share/erp42_description/config
[1.721s] copying config/erp42_controller_config.yaml -> /home/sumin/erp42_ws/install/erp42_description/share/erp42_description/config
[1.722s] copying config/ackermann_controller.yaml -> /home/sumin/erp42_ws/install/erp42_description/share/erp42_description/config
[1.722s] copying config/erp42_controllers.yaml -> /home/sumin/erp42_ws/install/erp42_description/share/erp42_description/config
[1.722s] running install_egg_info
[1.726s] Copying ../../build/erp42_description/erp42_description.egg-info to /home/sumin/erp42_ws/install/erp42_description/lib/python3.8/site-packages/erp42_description-0.1.0-py3.8.egg-info
[1.726s] running install_scripts
[1.744s] Installing front_camera_viewer script to /home/sumin/erp42_ws/install/erp42_description/lib/erp42_description
[1.744s] Installing steering_drive_bridge script to /home/sumin/erp42_ws/install/erp42_description/lib/erp42_description
[1.745s] writing list of installed files to '/home/sumin/erp42_ws/build/erp42_description/install.log'
[1.768s] Invoked command in '/home/sumin/erp42_ws/src/erp42_description' returned '0': PYTHONPATH=/home/sumin/erp42_ws/build/erp42_description/prefix_override:/usr/lib/python3/dist-packages/colcon_core/task/python/colcon_distutils_commands:/home/sumin/erp42_ws/install/erp42_description/lib/python3.8/site-packages:${PYTHONPATH} /usr/bin/python3 -W ignore:setup.py install is deprecated -W ignore:easy_install command is deprecated setup.py egg_info --egg-base ../../build/erp42_description build --build-base /home/sumin/erp42_ws/build/erp42_description/build install --record /home/sumin/erp42_ws/build/erp42_description/install.log --install-scripts $base/lib/erp42_description --single-version-externally-managed install_data --force
