[0.362s] DEBUG:colcon:Command line arguments: ['/usr/bin/colcon', 'build', '--symlink-install']
[0.363s] DEBUG:colcon:Parsed command line arguments: Namespace(allow_overriding=[], ament_cmake_args=None, base_paths=['.'], build_base='build', catkin_cmake_args=None, catkin_skip_building_tests=False, cmake_args=None, cmake_clean_cache=False, cmake_clean_first=False, cmake_force_configure=False, cmake_target=None, cmake_target_skip_unavailable=False, continue_on_error=False, event_handlers=None, executor='parallel', ignore_user_meta=False, install_base='install', log_base=None, log_level=None, main=<bound method BuildVerb.main of <colcon_core.verb.build.BuildVerb object at 0x7f11bc5bd670>>, merge_install=False, metas=['./colcon.meta'], packages_above=None, packages_above_and_dependencies=None, packages_above_depth=None, packages_end=None, packages_ignore=None, packages_ignore_regex=None, packages_select=None, packages_select_build_failed=False, packages_select_by_dep=None, packages_select_regex=None, packages_select_test_failures=False, packages_skip=None, packages_skip_build_finished=False, packages_skip_by_dep=None, packages_skip_regex=None, packages_skip_test_passed=False, packages_skip_up_to=None, packages_start=None, packages_up_to=None, packages_up_to_regex=None, parallel_workers=2, paths=None, symlink_install=True, test_result_base=None, verb_extension=<colcon_core.verb.build.BuildVerb object at 0x7f11bc5bd670>, verb_name='build', verb_parser=<colcon_defaults.argument_parser.defaults.DefaultArgumentsDecorator object at 0x7f11bc51dc10>)
[0.555s] Level 1:colcon.colcon_core.package_discovery:discover_packages(colcon_meta) check parameters
[0.555s] Level 1:colcon.colcon_core.package_discovery:discover_packages(recursive) check parameters
[0.555s] Level 1:colcon.colcon_core.package_discovery:discover_packages(ignore) check parameters
[0.556s] Level 1:colcon.colcon_core.package_discovery:discover_packages(path) check parameters
[0.556s] Level 1:colcon.colcon_core.package_discovery:discover_packages(colcon_meta) discover
[0.556s] Level 1:colcon.colcon_core.package_discovery:discover_packages(recursive) discover
[0.556s] INFO:colcon.colcon_core.package_discovery:Crawling recursively for packages in '/home/sumin/erp42_ws'
[0.556s] Level 1:colcon.colcon_core.package_identification:_identify(.) by extensions ['ignore', 'ignore_ament_install']
[0.557s] Level 1:colcon.colcon_core.package_identification:_identify(.) by extension 'ignore'
[0.557s] Level 1:colcon.colcon_core.package_identification:_identify(.) by extension 'ignore_ament_install'
[0.557s] Level 1:colcon.colcon_core.package_identification:_identify(.) by extensions ['colcon_pkg']
[0.557s] Level 1:colcon.colcon_core.package_identification:_identify(.) by extension 'colcon_pkg'
[0.557s] Level 1:colcon.colcon_core.package_identification:_identify(.) by extensions ['colcon_meta']
[0.558s] Level 1:colcon.colcon_core.package_identification:_identify(.) by extension 'colcon_meta'
[0.558s] Level 1:colcon.colcon_core.package_identification:_identify(.) by extensions ['ros']
[0.558s] Level 1:colcon.colcon_core.package_identification:_identify(.) by extension 'ros'
[0.576s] Level 1:colcon.colcon_core.package_identification:_identify(.) by extensions ['cmake', 'python']
[0.576s] Level 1:colcon.colcon_core.package_identification:_identify(.) by extension 'cmake'
[0.576s] Level 1:colcon.colcon_core.package_identification:_identify(.) by extension 'python'
[0.577s] Level 1:colcon.colcon_core.package_identification:_identify(.) by extensions ['python_setup_py']
[0.577s] Level 1:colcon.colcon_core.package_identification:_identify(.) by extension 'python_setup_py'
[0.577s] Level 1:colcon.colcon_core.package_identification:_identify(build) by extensions ['ignore', 'ignore_ament_install']
[0.577s] Level 1:colcon.colcon_core.package_identification:_identify(build) by extension 'ignore'
[0.577s] Level 1:colcon.colcon_core.package_identification:_identify(build) ignored
[0.578s] Level 1:colcon.colcon_core.package_identification:_identify(install) by extensions ['ignore', 'ignore_ament_install']
[0.578s] Level 1:colcon.colcon_core.package_identification:_identify(install) by extension 'ignore'
[0.578s] Level 1:colcon.colcon_core.package_identification:_identify(install) ignored
[0.578s] Level 1:colcon.colcon_core.package_identification:_identify(log) by extensions ['ignore', 'ignore_ament_install']
[0.578s] Level 1:colcon.colcon_core.package_identification:_identify(log) by extension 'ignore'
[0.578s] Level 1:colcon.colcon_core.package_identification:_identify(log) ignored
[0.579s] Level 1:colcon.colcon_core.package_identification:_identify(src) by extensions ['ignore', 'ignore_ament_install']
[0.579s] Level 1:colcon.colcon_core.package_identification:_identify(src) by extension 'ignore'
[0.579s] Level 1:colcon.colcon_core.package_identification:_identify(src) by extension 'ignore_ament_install'
[0.579s] Level 1:colcon.colcon_core.package_identification:_identify(src) by extensions ['colcon_pkg']
[0.579s] Level 1:colcon.colcon_core.package_identification:_identify(src) by extension 'colcon_pkg'
[0.579s] Level 1:colcon.colcon_core.package_identification:_identify(src) by extensions ['colcon_meta']
[0.579s] Level 1:colcon.colcon_core.package_identification:_identify(src) by extension 'colcon_meta'
[0.580s] Level 1:colcon.colcon_core.package_identification:_identify(src) by extensions ['ros']
[0.580s] Level 1:colcon.colcon_core.package_identification:_identify(src) by extension 'ros'
[0.580s] Level 1:colcon.colcon_core.package_identification:_identify(src) by extensions ['cmake', 'python']
[0.580s] Level 1:colcon.colcon_core.package_identification:_identify(src) by extension 'cmake'
[0.580s] Level 1:colcon.colcon_core.package_identification:_identify(src) by extension 'python'
[0.580s] Level 1:colcon.colcon_core.package_identification:_identify(src) by extensions ['python_setup_py']
[0.580s] Level 1:colcon.colcon_core.package_identification:_identify(src) by extension 'python_setup_py'
[0.580s] Level 1:colcon.colcon_core.package_identification:_identify(src/erp42_description) by extensions ['ignore', 'ignore_ament_install']
[0.581s] Level 1:colcon.colcon_core.package_identification:_identify(src/erp42_description) by extension 'ignore'
[0.581s] Level 1:colcon.colcon_core.package_identification:_identify(src/erp42_description) by extension 'ignore_ament_install'
[0.581s] Level 1:colcon.colcon_core.package_identification:_identify(src/erp42_description) by extensions ['colcon_pkg']
[0.581s] Level 1:colcon.colcon_core.package_identification:_identify(src/erp42_description) by extension 'colcon_pkg'
[0.581s] Level 1:colcon.colcon_core.package_identification:_identify(src/erp42_description) by extensions ['colcon_meta']
[0.582s] Level 1:colcon.colcon_core.package_identification:_identify(src/erp42_description) by extension 'colcon_meta'
[0.582s] Level 1:colcon.colcon_core.package_identification:_identify(src/erp42_description) by extensions ['ros']
[0.582s] Level 1:colcon.colcon_core.package_identification:_identify(src/erp42_description) by extension 'ros'
[0.588s] DEBUG:colcon.colcon_core.package_identification:Package 'src/erp42_description' with type 'ros.ament_python' and name 'erp42_description'
[0.588s] Level 1:colcon.colcon_core.package_discovery:discover_packages(recursive) using defaults
[0.589s] Level 1:colcon.colcon_core.package_discovery:discover_packages(ignore) discover
[0.589s] Level 1:colcon.colcon_core.package_discovery:discover_packages(ignore) using defaults
[0.589s] Level 1:colcon.colcon_core.package_discovery:discover_packages(path) discover
[0.589s] Level 1:colcon.colcon_core.package_discovery:discover_packages(path) using defaults
[0.615s] Level 1:colcon.colcon_core.package_discovery:discover_packages(prefix_path) check parameters
[0.616s] Level 1:colcon.colcon_core.package_discovery:discover_packages(prefix_path) discover
[0.621s] DEBUG:colcon.colcon_installed_package_information.package_discovery:Found 1 installed packages in /home/sumin/erp42_ws/install
[0.624s] DEBUG:colcon.colcon_installed_package_information.package_discovery:Found 330 installed packages in /opt/ros/foxy
[0.641s] Level 1:colcon.colcon_core.package_discovery:discover_packages(prefix_path) using defaults
[0.784s] Level 5:colcon.colcon_core.verb:set package 'erp42_description' build argument 'cmake_args' from command line to 'None'
[0.784s] Level 5:colcon.colcon_core.verb:set package 'erp42_description' build argument 'cmake_target' from command line to 'None'
[0.784s] Level 5:colcon.colcon_core.verb:set package 'erp42_description' build argument 'cmake_target_skip_unavailable' from command line to 'False'
[0.784s] Level 5:colcon.colcon_core.verb:set package 'erp42_description' build argument 'cmake_clean_cache' from command line to 'False'
[0.785s] Level 5:colcon.colcon_core.verb:set package 'erp42_description' build argument 'cmake_clean_first' from command line to 'False'
[0.785s] Level 5:colcon.colcon_core.verb:set package 'erp42_description' build argument 'cmake_force_configure' from command line to 'False'
[0.785s] Level 5:colcon.colcon_core.verb:set package 'erp42_description' build argument 'ament_cmake_args' from command line to 'None'
[0.785s] Level 5:colcon.colcon_core.verb:set package 'erp42_description' build argument 'catkin_cmake_args' from command line to 'None'
[0.785s] Level 5:colcon.colcon_core.verb:set package 'erp42_description' build argument 'catkin_skip_building_tests' from command line to 'False'
[0.785s] DEBUG:colcon.colcon_core.verb:Building package 'erp42_description' with the following arguments: {'ament_cmake_args': None, 'build_base': '/home/sumin/erp42_ws/build/erp42_description', 'catkin_cmake_args': None, 'catkin_skip_building_tests': False, 'cmake_args': None, 'cmake_clean_cache': False, 'cmake_clean_first': False, 'cmake_force_configure': False, 'cmake_target': None, 'cmake_target_skip_unavailable': False, 'install_base': '/home/sumin/erp42_ws/install/erp42_description', 'merge_install': False, 'path': '/home/sumin/erp42_ws/src/erp42_description', 'symlink_install': True, 'test_result_base': None}
[0.785s] INFO:colcon.colcon_core.executor:Executing jobs using 'parallel' executor
[0.787s] DEBUG:colcon.colcon_parallel_executor.executor.parallel:run_until_complete
[0.787s] INFO:colcon.colcon_ros.task.ament_python.build:Building ROS package in '/home/sumin/erp42_ws/src/erp42_description' with build type 'ament_python'
[0.787s] Level 1:colcon.colcon_core.shell:create_environment_hook('erp42_description', 'ament_prefix_path')
[0.793s] INFO:colcon.colcon_core.plugin_system:Skipping extension 'colcon_core.shell.bat': Not used on non-Windows systems
[0.793s] INFO:colcon.colcon_core.shell:Creating environment hook '/home/sumin/erp42_ws/install/erp42_description/share/erp42_description/hook/ament_prefix_path.ps1'
[0.795s] INFO:colcon.colcon_core.shell:Creating environment descriptor '/home/sumin/erp42_ws/install/erp42_description/share/erp42_description/hook/ament_prefix_path.dsv'
[0.796s] INFO:colcon.colcon_core.shell:Creating environment hook '/home/sumin/erp42_ws/install/erp42_description/share/erp42_description/hook/ament_prefix_path.sh'
[0.801s] INFO:colcon.colcon_core.shell:Skip shell extension 'powershell' for command environment: Not usable outside of PowerShell
[0.801s] DEBUG:colcon.colcon_core.shell:Skip shell extension 'dsv' for command environment
[1.157s] INFO:colcon.colcon_core.task.python.build:Building Python package in '/home/sumin/erp42_ws/src/erp42_description'
[1.158s] INFO:colcon.colcon_core.shell:Skip shell extension 'powershell' for command environment: Not usable outside of PowerShell
[1.158s] DEBUG:colcon.colcon_core.shell:Skip shell extension 'dsv' for command environment
[1.686s] DEBUG:colcon.colcon_core.event_handler.log_command:Invoking command in '/home/sumin/erp42_ws/build/erp42_description': PYTHONPATH=/home/sumin/erp42_ws/build/erp42_description/prefix_override:/usr/lib/python3/dist-packages/colcon_core/task/python/colcon_distutils_commands:/home/sumin/erp42_ws/install/erp42_description/lib/python3.8/site-packages:${PYTHONPATH} /usr/bin/python3 -W ignore:setup.py install is deprecated -W ignore:easy_install command is deprecated setup.py develop --editable --build-directory /home/sumin/erp42_ws/build/erp42_description/build --no-deps symlink_data
[2.297s] Level 1:colcon.colcon_core.shell:create_environment_hook('erp42_description', 'pythonpath_develop')
[2.297s] DEBUG:colcon.colcon_core.event_handler.log_command:Invoked command in '/home/sumin/erp42_ws/build/erp42_description' returned '0': PYTHONPATH=/home/sumin/erp42_ws/build/erp42_description/prefix_override:/usr/lib/python3/dist-packages/colcon_core/task/python/colcon_distutils_commands:/home/sumin/erp42_ws/install/erp42_description/lib/python3.8/site-packages:${PYTHONPATH} /usr/bin/python3 -W ignore:setup.py install is deprecated -W ignore:easy_install command is deprecated setup.py develop --editable --build-directory /home/sumin/erp42_ws/build/erp42_description/build --no-deps symlink_data
[2.298s] INFO:colcon.colcon_core.shell:Creating environment hook '/home/sumin/erp42_ws/build/erp42_description/share/erp42_description/hook/pythonpath_develop.ps1'
[2.299s] INFO:colcon.colcon_core.shell:Creating environment descriptor '/home/sumin/erp42_ws/build/erp42_description/share/erp42_description/hook/pythonpath_develop.dsv'
[2.300s] INFO:colcon.colcon_core.shell:Creating environment hook '/home/sumin/erp42_ws/build/erp42_description/share/erp42_description/hook/pythonpath_develop.sh'
[2.307s] Level 1:colcon.colcon_core.environment:checking '/home/sumin/erp42_ws/install/erp42_description' for CMake module files
[2.308s] Level 1:colcon.colcon_core.environment:checking '/home/sumin/erp42_ws/install/erp42_description' for CMake config files
[2.309s] Level 1:colcon.colcon_core.environment:checking '/home/sumin/erp42_ws/install/erp42_description/lib'
[2.309s] Level 1:colcon.colcon_core.environment:checking '/home/sumin/erp42_ws/install/erp42_description/bin'
[2.309s] Level 1:colcon.colcon_core.environment:checking '/home/sumin/erp42_ws/install/erp42_description/lib/pkgconfig/erp42_description.pc'
[2.309s] Level 1:colcon.colcon_core.environment:checking '/home/sumin/erp42_ws/install/erp42_description/lib/python3.8/site-packages'
[2.309s] Level 1:colcon.colcon_core.shell:create_environment_hook('erp42_description', 'pythonpath')
[2.310s] INFO:colcon.colcon_core.shell:Creating environment hook '/home/sumin/erp42_ws/install/erp42_description/share/erp42_description/hook/pythonpath.ps1'
[2.311s] INFO:colcon.colcon_core.shell:Creating environment descriptor '/home/sumin/erp42_ws/install/erp42_description/share/erp42_description/hook/pythonpath.dsv'
[2.311s] INFO:colcon.colcon_core.shell:Creating environment hook '/home/sumin/erp42_ws/install/erp42_description/share/erp42_description/hook/pythonpath.sh'
[2.312s] Level 1:colcon.colcon_core.environment:checking '/home/sumin/erp42_ws/install/erp42_description/bin'
[2.312s] Level 1:colcon.colcon_core.environment:create_environment_scripts_only(erp42_description)
[2.312s] INFO:colcon.colcon_core.shell:Creating package script '/home/sumin/erp42_ws/install/erp42_description/share/erp42_description/package.ps1'
[2.314s] INFO:colcon.colcon_core.shell:Creating package descriptor '/home/sumin/erp42_ws/install/erp42_description/share/erp42_description/package.dsv'
[2.315s] INFO:colcon.colcon_core.shell:Creating package script '/home/sumin/erp42_ws/install/erp42_description/share/erp42_description/package.sh'
[2.317s] INFO:colcon.colcon_core.shell:Creating package script '/home/sumin/erp42_ws/install/erp42_description/share/erp42_description/package.bash'
[2.318s] INFO:colcon.colcon_core.shell:Creating package script '/home/sumin/erp42_ws/install/erp42_description/share/erp42_description/package.zsh'
[2.319s] Level 1:colcon.colcon_core.environment:create_file_with_runtime_dependencies(/home/sumin/erp42_ws/install/erp42_description/share/colcon-core/packages/erp42_description)
[2.319s] DEBUG:colcon.colcon_parallel_executor.executor.parallel:closing loop
[2.319s] DEBUG:colcon.colcon_parallel_executor.executor.parallel:loop closed
[2.321s] DEBUG:colcon.colcon_parallel_executor.executor.parallel:run_until_complete finished with '0'
[2.321s] DEBUG:colcon.colcon_core.event_reactor:joining thread
[2.337s] INFO:colcon.colcon_core.plugin_system:Skipping extension 'colcon_notification.desktop_notification.terminal_notifier': Not used on non-Darwin systems
[2.337s] INFO:colcon.colcon_core.plugin_system:Skipping extension 'colcon_notification.desktop_notification.win32': Not used on non-Windows systems
[2.337s] INFO:colcon.colcon_notification.desktop_notification:Sending desktop notification using 'notify2'
[2.362s] DEBUG:colcon.colcon_core.event_reactor:joined thread
[2.362s] INFO:colcon.colcon_core.shell:Creating prefix script '/home/sumin/erp42_ws/install/local_setup.ps1'
[2.364s] INFO:colcon.colcon_core.shell:Creating prefix util module '/home/sumin/erp42_ws/install/_local_setup_util_ps1.py'
[2.366s] INFO:colcon.colcon_core.shell:Creating prefix chain script '/home/sumin/erp42_ws/install/setup.ps1'
[2.368s] INFO:colcon.colcon_core.shell:Creating prefix script '/home/sumin/erp42_ws/install/local_setup.sh'
[2.370s] INFO:colcon.colcon_core.shell:Creating prefix util module '/home/sumin/erp42_ws/install/_local_setup_util_sh.py'
[2.371s] INFO:colcon.colcon_core.shell:Creating prefix chain script '/home/sumin/erp42_ws/install/setup.sh'
[2.372s] INFO:colcon.colcon_core.shell:Creating prefix script '/home/sumin/erp42_ws/install/local_setup.bash'
[2.374s] INFO:colcon.colcon_core.shell:Creating prefix chain script '/home/sumin/erp42_ws/install/setup.bash'
[2.376s] INFO:colcon.colcon_core.shell:Creating prefix script '/home/sumin/erp42_ws/install/local_setup.zsh'
[2.378s] INFO:colcon.colcon_core.shell:Creating prefix chain script '/home/sumin/erp42_ws/install/setup.zsh'
